
*** Running vivado
    with args -log Softmax_Layer.vds -m64 -mode batch -messageDb vivado.pb -notrace -source Softmax_Layer.tcl

WARNING: Default location for XILINX_VIVADO_HLS not found: 

****** Vivado v2015.2 (64-bit)
  **** SW Build 1266856 on Fri Jun 26 16:35:25 MDT 2015
  **** IP Build 1264090 on Wed Jun 24 14:22:01 MDT 2015
    ** Copyright 1986-2015 Xilinx, Inc. All Rights Reserved.

source Softmax_Layer.tcl -notrace
Command: synth_design -top Softmax_Layer -part xc7a200tfbg676-2
Starting synth_design
Attempting to get a license for feature 'Synthesis' and/or device 'xc7a200t'
INFO: [Common 17-349] Got license for feature 'Synthesis' and/or device 'xc7a200t'
WARNING: [Synth 8-1849] concatenation with unsized literal; will interpret as 32 bits [D:/Softmax_CNN/softmax/softmax.srcs/sources_1/new/mul.v:31]
WARNING: [Synth 8-1849] concatenation with unsized literal; will interpret as 32 bits [D:/Softmax_CNN/softmax/softmax.srcs/sources_1/new/mul.v:31]
---------------------------------------------------------------------------------
Starting Synthesize : Time (s): cpu = 00:00:05 ; elapsed = 00:00:14 . Memory (MB): peak = 281.254 ; gain = 35.684
---------------------------------------------------------------------------------
INFO: [Synth 8-638] synthesizing module 'Softmax_Layer' [D:/Softmax_CNN/softmax/softmax.srcs/sources_1/new/Softmax_Layer.v:6]
	Parameter sizeArr bound to: 10 - type: integer 
	Parameter width bound to: 32 - type: integer 
	Parameter one bound to: 1065353216 - type: integer 
INFO: [Synth 8-638] synthesizing module 'exponential' [D:/Softmax_CNN/softmax/softmax.srcs/sources_1/new/exponential.v:7]
	Parameter size bound to: 32 - type: integer 
	Parameter noOfTerms bound to: 6 - type: integer 
	Parameter constants bound to: 985008993 - type: integer 
INFO: [Synth 8-638] synthesizing module 'term' [D:/Softmax_CNN/softmax/softmax.srcs/sources_1/new/term.v:6]
INFO: [Synth 8-638] synthesizing module 'mul' [D:/Softmax_CNN/softmax/softmax.srcs/sources_1/new/mul.v:4]
INFO: [Synth 8-256] done synthesizing module 'mul' (1#1) [D:/Softmax_CNN/softmax/softmax.srcs/sources_1/new/mul.v:4]
INFO: [Synth 8-256] done synthesizing module 'term' (2#1) [D:/Softmax_CNN/softmax/softmax.srcs/sources_1/new/term.v:6]
INFO: [Synth 8-638] synthesizing module 'add' [D:/Softmax_CNN/softmax/softmax.srcs/sources_1/new/add.v:2]
INFO: [Synth 8-256] done synthesizing module 'add' (3#1) [D:/Softmax_CNN/softmax/softmax.srcs/sources_1/new/add.v:2]
INFO: [Synth 8-256] done synthesizing module 'exponential' (4#1) [D:/Softmax_CNN/softmax/softmax.srcs/sources_1/new/exponential.v:7]
INFO: [Synth 8-638] synthesizing module 'Accumulator1' [D:/Softmax_CNN/softmax/softmax.srcs/sources_1/new/Accumulator1.v:24]
	Parameter size_Of_Array bound to: 10 - type: integer 
	Parameter DATA_WIDTH bound to: 32 - type: integer 
INFO: [Synth 8-256] done synthesizing module 'Accumulator1' (5#1) [D:/Softmax_CNN/softmax/softmax.srcs/sources_1/new/Accumulator1.v:24]
INFO: [Synth 8-638] synthesizing module 'reciporical' [D:/Softmax_CNN/softmax/softmax.srcs/sources_1/new/reciporical.v:13]
	Parameter size bound to: 32 - type: integer 
	Parameter constant1 bound to: 1077195930 - type: integer 
	Parameter constant2 bound to: -1074728719 - type: integer 
INFO: [Synth 8-638] synthesizing module 'Xncalculation' [D:/Softmax_CNN/softmax/softmax.srcs/sources_1/new/Xncalculation.v:8]
	Parameter two bound to: 1073741824 - type: integer 
INFO: [Synth 8-256] done synthesizing module 'Xncalculation' (6#1) [D:/Softmax_CNN/softmax/softmax.srcs/sources_1/new/Xncalculation.v:8]
INFO: [Synth 8-256] done synthesizing module 'reciporical' (7#1) [D:/Softmax_CNN/softmax/softmax.srcs/sources_1/new/reciporical.v:13]
INFO: [Synth 8-638] synthesizing module 'maxValue' [D:/Softmax_CNN/softmax/softmax.srcs/sources_1/new/maxValue.v:9]
INFO: [Synth 8-256] done synthesizing module 'maxValue' (8#1) [D:/Softmax_CNN/softmax/softmax.srcs/sources_1/new/maxValue.v:9]
INFO: [Synth 8-256] done synthesizing module 'Softmax_Layer' (9#1) [D:/Softmax_CNN/softmax/softmax.srcs/sources_1/new/Softmax_Layer.v:6]
---------------------------------------------------------------------------------
Finished Synthesize : Time (s): cpu = 00:00:06 ; elapsed = 00:00:16 . Memory (MB): peak = 306.207 ; gain = 60.637
---------------------------------------------------------------------------------
---------------------------------------------------------------------------------
Finished Constraint Validation : Time (s): cpu = 00:00:06 ; elapsed = 00:00:16 . Memory (MB): peak = 306.207 ; gain = 60.637
---------------------------------------------------------------------------------
---------------------------------------------------------------------------------
Start Loading Part and Timing Information
---------------------------------------------------------------------------------
Loading part: xc7a200tfbg676-2
INFO: [Device 21-403] Loading part xc7a200tfbg676-2
---------------------------------------------------------------------------------
Finished Loading Part and Timing Information : Time (s): cpu = 00:00:06 ; elapsed = 00:00:16 . Memory (MB): peak = 306.207 ; gain = 60.637
---------------------------------------------------------------------------------
INFO: [Synth 8-3537] HDL ADVISOR - The operator resource <adder> is shared. To prevent sharing consider applying a KEEP on the inputs of the operator [D:/Softmax_CNN/softmax/softmax.srcs/sources_1/new/add.v:51]
WARNING: [Synth 8-327] inferring latch for variable 'max_reg' [D:/Softmax_CNN/softmax/softmax.srcs/sources_1/new/maxValue.v:17]
---------------------------------------------------------------------------------
Finished RTL Optimization Phase 2 : Time (s): cpu = 00:00:08 ; elapsed = 00:00:17 . Memory (MB): peak = 349.391 ; gain = 103.820
---------------------------------------------------------------------------------

Report RTL Partitions: 
+------+-------------------+------------+----------+
|      |RTL Partition      |Replication |Instances |
+------+-------------------+------------+----------+
|1     |add                |          18|      6220|
|2     |Xncalculation__GC0 |           1|       717|
|3     |reciporical__GC0   |           1|       768|
|4     |exponential__GCM0  |           1|      4296|
|5     |Softmax_Layer__GC0 |           1|      8512|
+------+-------------------+------------+----------+
No constraint files found.
---------------------------------------------------------------------------------
Start RTL Component Statistics 
---------------------------------------------------------------------------------
Detailed RTL Component Info : 
+---Adders : 
	   2 Input     48 Bit       Adders := 140   
	   2 Input     25 Bit       Adders := 75    
	   3 Input     24 Bit       Adders := 150   
	   3 Input      8 Bit       Adders := 301   
	   2 Input      8 Bit       Adders := 75    
	  24 Input      8 Bit       Adders := 150   
	   4 Input      8 Bit       Adders := 140   
+---XORs : 
	   2 Input      1 Bit         XORs := 140   
+---Muxes : 
	   2 Input     47 Bit        Muxes := 280   
	   5 Input     32 Bit        Muxes := 9     
	   2 Input     24 Bit        Muxes := 3750  
	   2 Input     23 Bit        Muxes := 525   
	   2 Input      8 Bit        Muxes := 440   
	   2 Input      4 Bit        Muxes := 1725  
	   2 Input      2 Bit        Muxes := 3590  
	   2 Input      1 Bit        Muxes := 168   
---------------------------------------------------------------------------------
Finished RTL Component Statistics 
---------------------------------------------------------------------------------
---------------------------------------------------------------------------------
Start RTL Hierarchical Component Statistics 
---------------------------------------------------------------------------------
Hierarchical RTL Component report 
Module add 
Detailed RTL Component Info : 
+---Adders : 
	   2 Input     25 Bit       Adders := 1     
	   3 Input     24 Bit       Adders := 2     
	   3 Input      8 Bit       Adders := 4     
	   2 Input      8 Bit       Adders := 1     
	  24 Input      8 Bit       Adders := 2     
+---Muxes : 
	   2 Input     24 Bit        Muxes := 50    
	   2 Input     23 Bit        Muxes := 7     
	   2 Input      8 Bit        Muxes := 4     
	   2 Input      4 Bit        Muxes := 23    
	   2 Input      2 Bit        Muxes := 46    
	   2 Input      1 Bit        Muxes := 2     
Module mul__1 
Detailed RTL Component Info : 
+---Adders : 
	   2 Input     48 Bit       Adders := 1     
	   4 Input      8 Bit       Adders := 1     
+---XORs : 
	   2 Input      1 Bit         XORs := 1     
+---Muxes : 
	   2 Input     47 Bit        Muxes := 2     
	   2 Input      8 Bit        Muxes := 1     
	   2 Input      2 Bit        Muxes := 1     
Module mul__2 
Detailed RTL Component Info : 
+---Adders : 
	   2 Input     48 Bit       Adders := 1     
	   4 Input      8 Bit       Adders := 1     
+---XORs : 
	   2 Input      1 Bit         XORs := 1     
+---Muxes : 
	   2 Input     47 Bit        Muxes := 2     
	   2 Input      8 Bit        Muxes := 1     
	   2 Input      2 Bit        Muxes := 1     
Module mul__3 
Detailed RTL Component Info : 
+---Adders : 
	   2 Input     48 Bit       Adders := 1     
	   4 Input      8 Bit       Adders := 1     
+---XORs : 
	   2 Input      1 Bit         XORs := 1     
+---Muxes : 
	   2 Input     47 Bit        Muxes := 2     
	   2 Input      8 Bit        Muxes := 1     
	   2 Input      2 Bit        Muxes := 1     
Module mul__4 
Detailed RTL Component Info : 
+---Adders : 
	   2 Input     48 Bit       Adders := 1     
	   4 Input      8 Bit       Adders := 1     
+---XORs : 
	   2 Input      1 Bit         XORs := 1     
+---Muxes : 
	   2 Input     47 Bit        Muxes := 2     
	   2 Input      8 Bit        Muxes := 1     
	   2 Input      2 Bit        Muxes := 1     
Module reciporical 
Detailed RTL Component Info : 
+---Adders : 
	   3 Input      8 Bit       Adders := 1     
Module mul__7 
Detailed RTL Component Info : 
+---Adders : 
	   2 Input     48 Bit       Adders := 1     
	   4 Input      8 Bit       Adders := 1     
+---XORs : 
	   2 Input      1 Bit         XORs := 1     
+---Muxes : 
	   2 Input     47 Bit        Muxes := 2     
	   2 Input      8 Bit        Muxes := 1     
	   2 Input      2 Bit        Muxes := 1     
Module mul__6 
Detailed RTL Component Info : 
+---Adders : 
	   2 Input     48 Bit       Adders := 1     
	   4 Input      8 Bit       Adders := 1     
+---XORs : 
	   2 Input      1 Bit         XORs := 1     
+---Muxes : 
	   2 Input     47 Bit        Muxes := 2     
	   2 Input      8 Bit        Muxes := 1     
	   2 Input      2 Bit        Muxes := 1     
Module mul__9 
Detailed RTL Component Info : 
+---Adders : 
	   2 Input     48 Bit       Adders := 1     
	   4 Input      8 Bit       Adders := 1     
+---XORs : 
	   2 Input      1 Bit         XORs := 1     
+---Muxes : 
	   2 Input     47 Bit        Muxes := 2     
	   2 Input      8 Bit        Muxes := 1     
	   2 Input      2 Bit        Muxes := 1     
Module mul__8 
Detailed RTL Component Info : 
+---Adders : 
	   2 Input     48 Bit       Adders := 1     
	   4 Input      8 Bit       Adders := 1     
+---XORs : 
	   2 Input      1 Bit         XORs := 1     
+---Muxes : 
	   2 Input     47 Bit        Muxes := 2     
	   2 Input      8 Bit        Muxes := 1     
	   2 Input      2 Bit        Muxes := 1     
Module mul__11 
Detailed RTL Component Info : 
+---Adders : 
	   2 Input     48 Bit       Adders := 1     
	   4 Input      8 Bit       Adders := 1     
+---XORs : 
	   2 Input      1 Bit         XORs := 1     
+---Muxes : 
	   2 Input     47 Bit        Muxes := 2     
	   2 Input      8 Bit        Muxes := 1     
	   2 Input      2 Bit        Muxes := 1     
Module mul__10 
Detailed RTL Component Info : 
+---Adders : 
	   2 Input     48 Bit       Adders := 1     
	   4 Input      8 Bit       Adders := 1     
+---XORs : 
	   2 Input      1 Bit         XORs := 1     
+---Muxes : 
	   2 Input     47 Bit        Muxes := 2     
	   2 Input      8 Bit        Muxes := 1     
	   2 Input      2 Bit        Muxes := 1     
Module mul__13 
Detailed RTL Component Info : 
+---Adders : 
	   2 Input     48 Bit       Adders := 1     
	   4 Input      8 Bit       Adders := 1     
+---XORs : 
	   2 Input      1 Bit         XORs := 1     
+---Muxes : 
	   2 Input     47 Bit        Muxes := 2     
	   2 Input      8 Bit        Muxes := 1     
	   2 Input      2 Bit        Muxes := 1     
Module mul__12 
Detailed RTL Component Info : 
+---Adders : 
	   2 Input     48 Bit       Adders := 1     
	   4 Input      8 Bit       Adders := 1     
+---XORs : 
	   2 Input      1 Bit         XORs := 1     
+---Muxes : 
	   2 Input     47 Bit        Muxes := 2     
	   2 Input      8 Bit        Muxes := 1     
	   2 Input      2 Bit        Muxes := 1     
Module mul__15 
Detailed RTL Component Info : 
+---Adders : 
	   2 Input     48 Bit       Adders := 1     
	   4 Input      8 Bit       Adders := 1     
+---XORs : 
	   2 Input      1 Bit         XORs := 1     
+---Muxes : 
	   2 Input     47 Bit        Muxes := 2     
	   2 Input      8 Bit        Muxes := 1     
	   2 Input      2 Bit        Muxes := 1     
Module mul__14 
Detailed RTL Component Info : 
+---Adders : 
	   2 Input     48 Bit       Adders := 1     
	   4 Input      8 Bit       Adders := 1     
+---XORs : 
	   2 Input      1 Bit         XORs := 1     
+---Muxes : 
	   2 Input     47 Bit        Muxes := 2     
	   2 Input      8 Bit        Muxes := 1     
	   2 Input      2 Bit        Muxes := 1     
Module mul__5 
Detailed RTL Component Info : 
+---Adders : 
	   2 Input     48 Bit       Adders := 1     
	   4 Input      8 Bit       Adders := 1     
+---XORs : 
	   2 Input      1 Bit         XORs := 1     
+---Muxes : 
	   2 Input     47 Bit        Muxes := 2     
	   2 Input      8 Bit        Muxes := 1     
	   2 Input      2 Bit        Muxes := 1     
Module mul__16 
Detailed RTL Component Info : 
+---Adders : 
	   2 Input     48 Bit       Adders := 1     
	   4 Input      8 Bit       Adders := 1     
+---XORs : 
	   2 Input      1 Bit         XORs := 1     
+---Muxes : 
	   2 Input     47 Bit        Muxes := 2     
	   2 Input      8 Bit        Muxes := 1     
	   2 Input      2 Bit        Muxes := 1     
Module mul__17 
Detailed RTL Component Info : 
+---Adders : 
	   2 Input     48 Bit       Adders := 1     
	   4 Input      8 Bit       Adders := 1     
+---XORs : 
	   2 Input      1 Bit         XORs := 1     
+---Muxes : 
	   2 Input     47 Bit        Muxes := 2     
	   2 Input      8 Bit        Muxes := 1     
	   2 Input      2 Bit        Muxes := 1     
Module mul__18 
Detailed RTL Component Info : 
+---Adders : 
	   2 Input     48 Bit       Adders := 1     
	   4 Input      8 Bit       Adders := 1     
+---XORs : 
	   2 Input      1 Bit         XORs := 1     
+---Muxes : 
	   2 Input     47 Bit        Muxes := 2     
	   2 Input      8 Bit        Muxes := 1     
	   2 Input      2 Bit        Muxes := 1     
Module mul__19 
Detailed RTL Component Info : 
+---Adders : 
	   2 Input     48 Bit       Adders := 1     
	   4 Input      8 Bit       Adders := 1     
+---XORs : 
	   2 Input      1 Bit         XORs := 1     
+---Muxes : 
	   2 Input     47 Bit        Muxes := 2     
	   2 Input      8 Bit        Muxes := 1     
	   2 Input      2 Bit        Muxes := 1     
Module mul__20 
Detailed RTL Component Info : 
+---Adders : 
	   2 Input     48 Bit       Adders := 1     
	   4 Input      8 Bit       Adders := 1     
+---XORs : 
	   2 Input      1 Bit         XORs := 1     
+---Muxes : 
	   2 Input     47 Bit        Muxes := 2     
	   2 Input      8 Bit        Muxes := 1     
	   2 Input      2 Bit        Muxes := 1     
Module mul__21 
Detailed RTL Component Info : 
+---Adders : 
	   2 Input     48 Bit       Adders := 1     
	   4 Input      8 Bit       Adders := 1     
+---XORs : 
	   2 Input      1 Bit         XORs := 1     
+---Muxes : 
	   2 Input     47 Bit        Muxes := 2     
	   2 Input      8 Bit        Muxes := 1     
	   2 Input      2 Bit        Muxes := 1     
Module mul__22 
Detailed RTL Component Info : 
+---Adders : 
	   2 Input     48 Bit       Adders := 1     
	   4 Input      8 Bit       Adders := 1     
+---XORs : 
	   2 Input      1 Bit         XORs := 1     
+---Muxes : 
	   2 Input     47 Bit        Muxes := 2     
	   2 Input      8 Bit        Muxes := 1     
	   2 Input      2 Bit        Muxes := 1     
Module mul__23 
Detailed RTL Component Info : 
+---Adders : 
	   2 Input     48 Bit       Adders := 1     
	   4 Input      8 Bit       Adders := 1     
+---XORs : 
	   2 Input      1 Bit         XORs := 1     
+---Muxes : 
	   2 Input     47 Bit        Muxes := 2     
	   2 Input      8 Bit        Muxes := 1     
	   2 Input      2 Bit        Muxes := 1     
Module mul__24 
Detailed RTL Component Info : 
+---Adders : 
	   2 Input     48 Bit       Adders := 1     
	   4 Input      8 Bit       Adders := 1     
+---XORs : 
	   2 Input      1 Bit         XORs := 1     
+---Muxes : 
	   2 Input     47 Bit        Muxes := 2     
	   2 Input      8 Bit        Muxes := 1     
	   2 Input      2 Bit        Muxes := 1     
Module mul__25 
Detailed RTL Component Info : 
+---Adders : 
	   2 Input     48 Bit       Adders := 1     
	   4 Input      8 Bit       Adders := 1     
+---XORs : 
	   2 Input      1 Bit         XORs := 1     
+---Muxes : 
	   2 Input     47 Bit        Muxes := 2     
	   2 Input      8 Bit        Muxes := 1     
	   2 Input      2 Bit        Muxes := 1     
Module mul 
Detailed RTL Component Info : 
+---Adders : 
	   2 Input     48 Bit       Adders := 1     
	   4 Input      8 Bit       Adders := 1     
+---XORs : 
	   2 Input      1 Bit         XORs := 1     
+---Muxes : 
	   2 Input     47 Bit        Muxes := 2     
	   2 Input      8 Bit        Muxes := 1     
	   2 Input      2 Bit        Muxes := 1     
Module maxValue__1 
Detailed RTL Component Info : 
+---Muxes : 
	   5 Input     32 Bit        Muxes := 1     
	   2 Input      1 Bit        Muxes := 2     
Module maxValue__2 
Detailed RTL Component Info : 
+---Muxes : 
	   5 Input     32 Bit        Muxes := 1     
	   2 Input      1 Bit        Muxes := 2     
Module maxValue__3 
Detailed RTL Component Info : 
+---Muxes : 
	   5 Input     32 Bit        Muxes := 1     
	   2 Input      1 Bit        Muxes := 2     
Module maxValue__4 
Detailed RTL Component Info : 
+---Muxes : 
	   5 Input     32 Bit        Muxes := 1     
	   2 Input      1 Bit        Muxes := 2     
Module maxValue__5 
Detailed RTL Component Info : 
+---Muxes : 
	   5 Input     32 Bit        Muxes := 1     
	   2 Input      1 Bit        Muxes := 2     
Module maxValue__6 
Detailed RTL Component Info : 
+---Muxes : 
	   5 Input     32 Bit        Muxes := 1     
	   2 Input      1 Bit        Muxes := 2     
Module maxValue__7 
Detailed RTL Component Info : 
+---Muxes : 
	   5 Input     32 Bit        Muxes := 1     
	   2 Input      1 Bit        Muxes := 2     
Module maxValue__8 
Detailed RTL Component Info : 
+---Muxes : 
	   5 Input     32 Bit        Muxes := 1     
	   2 Input      1 Bit        Muxes := 2     
Module maxValue 
Detailed RTL Component Info : 
+---Muxes : 
	   5 Input     32 Bit        Muxes := 1     
	   2 Input      1 Bit        Muxes := 2     
---------------------------------------------------------------------------------
Finished RTL Hierarchical Component Statistics
---------------------------------------------------------------------------------
---------------------------------------------------------------------------------
Start Part Resource Summary
---------------------------------------------------------------------------------
Part Resources:
DSPs: 740 (col length:100)
BRAMs: 730 (col length: RAMB18 100 RAMB36 50)
---------------------------------------------------------------------------------
Finished Part Resource Summary
---------------------------------------------------------------------------------
Start Parallel Synthesis Optimization  : Time (s): cpu = 00:00:11 ; elapsed = 00:00:23 . Memory (MB): peak = 481.930 ; gain = 236.359
---------------------------------------------------------------------------------
Start Cross Boundary Optimization
---------------------------------------------------------------------------------
DSP Report: Generating DSP mul1/exponent1, operation Mode is: A*B.
DSP Report: operator mul1/exponent1 is absorbed into DSP mul1/exponent1.
DSP Report: operator mul1/exponent1 is absorbed into DSP mul1/exponent1.
DSP Report: Generating DSP mul1/exponent1, operation Mode is: A*B.
DSP Report: operator mul1/exponent1 is absorbed into DSP mul1/exponent1.
DSP Report: operator mul1/exponent1 is absorbed into DSP mul1/exponent1.
DSP Report: Generating DSP mul1/exponent1, operation Mode is: (PCIN>>17)+A*B.
DSP Report: operator mul1/exponent1 is absorbed into DSP mul1/exponent1.
DSP Report: operator mul1/exponent1 is absorbed into DSP mul1/exponent1.
DSP Report: Generating DSP mul2/exponent1, operation Mode is: A*B.
DSP Report: operator mul2/exponent1 is absorbed into DSP mul2/exponent1.
DSP Report: operator mul2/exponent1 is absorbed into DSP mul2/exponent1.
DSP Report: Generating DSP mul2/exponent1, operation Mode is: A*B.
DSP Report: operator mul2/exponent1 is absorbed into DSP mul2/exponent1.
DSP Report: operator mul2/exponent1 is absorbed into DSP mul2/exponent1.
DSP Report: Generating DSP mul2/exponent1, operation Mode is: (PCIN>>17)+A*B.
DSP Report: operator mul2/exponent1 is absorbed into DSP mul2/exponent1.
DSP Report: operator mul2/exponent1 is absorbed into DSP mul2/exponent1.
DSP Report: Generating DSP mulD/exponent1, operation Mode is: (A:0xf0f1)*B.
DSP Report: operator mulD/exponent1 is absorbed into DSP mulD/exponent1.
DSP Report: operator mulD/exponent1 is absorbed into DSP mulD/exponent1.
DSP Report: Generating DSP mulD/exponent1, operation Mode is: A*(B:0xf0f1).
DSP Report: operator mulD/exponent1 is absorbed into DSP mulD/exponent1.
DSP Report: operator mulD/exponent1 is absorbed into DSP mulD/exponent1.
DSP Report: Generating DSP mulD/exponent1, operation Mode is: (PCIN>>17)+A*(B:0x78).
DSP Report: operator mulD/exponent1 is absorbed into DSP mulD/exponent1.
DSP Report: operator mulD/exponent1 is absorbed into DSP mulD/exponent1.
DSP Report: Generating DSP mulNumeratorDivisor/exponent1, operation Mode is: A*B.
DSP Report: operator mulNumeratorDivisor/exponent1 is absorbed into DSP mulNumeratorDivisor/exponent1.
DSP Report: operator mulNumeratorDivisor/exponent1 is absorbed into DSP mulNumeratorDivisor/exponent1.
DSP Report: Generating DSP mulNumeratorDivisor/exponent1, operation Mode is: A*B.
DSP Report: operator mulNumeratorDivisor/exponent1 is absorbed into DSP mulNumeratorDivisor/exponent1.
DSP Report: operator mulNumeratorDivisor/exponent1 is absorbed into DSP mulNumeratorDivisor/exponent1.
DSP Report: Generating DSP mulNumeratorDivisor/exponent1, operation Mode is: (PCIN>>17)+A*B.
DSP Report: operator mulNumeratorDivisor/exponent1 is absorbed into DSP mulNumeratorDivisor/exponent1.
DSP Report: operator mulNumeratorDivisor/exponent1 is absorbed into DSP mulNumeratorDivisor/exponent1.
DSP Report: Generating DSP mulPower/exponent1, operation Mode is: A*B.
DSP Report: operator mulPower/exponent1 is absorbed into DSP mulPower/exponent1.
DSP Report: operator mulPower/exponent1 is absorbed into DSP mulPower/exponent1.
DSP Report: Generating DSP mulPower/exponent1, operation Mode is: A*B.
DSP Report: operator mulPower/exponent1 is absorbed into DSP mulPower/exponent1.
DSP Report: operator mulPower/exponent1 is absorbed into DSP mulPower/exponent1.
DSP Report: Generating DSP mulPower/exponent1, operation Mode is: (PCIN>>17)+A*B.
DSP Report: operator mulPower/exponent1 is absorbed into DSP mulPower/exponent1.
DSP Report: operator mulPower/exponent1 is absorbed into DSP mulPower/exponent1.
DSP Report: Generating DSP mulTerm/exponent1, operation Mode is: A*B.
DSP Report: operator mulTerm/exponent1 is absorbed into DSP mulTerm/exponent1.
DSP Report: operator mulTerm/exponent1 is absorbed into DSP mulTerm/exponent1.
DSP Report: Generating DSP mulTerm/exponent1, operation Mode is: A*B.
DSP Report: operator mulTerm/exponent1 is absorbed into DSP mulTerm/exponent1.
DSP Report: operator mulTerm/exponent1 is absorbed into DSP mulTerm/exponent1.
DSP Report: Generating DSP mulTerm/exponent1, operation Mode is: (PCIN>>17)+A*B.
DSP Report: operator mulTerm/exponent1 is absorbed into DSP mulTerm/exponent1.
DSP Report: operator mulTerm/exponent1 is absorbed into DSP mulTerm/exponent1.
DSP Report: Generating DSP mulPower/exponent1, operation Mode is: A*B.
DSP Report: operator mulPower/exponent1 is absorbed into DSP mulPower/exponent1.
DSP Report: operator mulPower/exponent1 is absorbed into DSP mulPower/exponent1.
DSP Report: Generating DSP mulPower/exponent1, operation Mode is: A*B.
DSP Report: operator mulPower/exponent1 is absorbed into DSP mulPower/exponent1.
DSP Report: operator mulPower/exponent1 is absorbed into DSP mulPower/exponent1.
DSP Report: Generating DSP mulPower/exponent1, operation Mode is: (PCIN>>17)+A*B.
DSP Report: operator mulPower/exponent1 is absorbed into DSP mulPower/exponent1.
DSP Report: operator mulPower/exponent1 is absorbed into DSP mulPower/exponent1.
DSP Report: Generating DSP mulTerm/exponent1, operation Mode is: A*B.
DSP Report: operator mulTerm/exponent1 is absorbed into DSP mulTerm/exponent1.
DSP Report: operator mulTerm/exponent1 is absorbed into DSP mulTerm/exponent1.
DSP Report: Generating DSP mulTerm/exponent1, operation Mode is: A*B.
DSP Report: operator mulTerm/exponent1 is absorbed into DSP mulTerm/exponent1.
DSP Report: operator mulTerm/exponent1 is absorbed into DSP mulTerm/exponent1.
DSP Report: Generating DSP mulTerm/exponent1, operation Mode is: (PCIN>>17)+A*B.
DSP Report: operator mulTerm/exponent1 is absorbed into DSP mulTerm/exponent1.
DSP Report: operator mulTerm/exponent1 is absorbed into DSP mulTerm/exponent1.
DSP Report: Generating DSP mulPower/exponent1, operation Mode is: A*B.
DSP Report: operator mulPower/exponent1 is absorbed into DSP mulPower/exponent1.
DSP Report: operator mulPower/exponent1 is absorbed into DSP mulPower/exponent1.
DSP Report: Generating DSP mulPower/exponent1, operation Mode is: A*B.
DSP Report: operator mulPower/exponent1 is absorbed into DSP mulPower/exponent1.
DSP Report: operator mulPower/exponent1 is absorbed into DSP mulPower/exponent1.
DSP Report: Generating DSP mulPower/exponent1, operation Mode is: (PCIN>>17)+A*B.
DSP Report: operator mulPower/exponent1 is absorbed into DSP mulPower/exponent1.
DSP Report: operator mulPower/exponent1 is absorbed into DSP mulPower/exponent1.
DSP Report: Generating DSP mulTerm/exponent1, operation Mode is: A*B.
DSP Report: operator mulTerm/exponent1 is absorbed into DSP mulTerm/exponent1.
DSP Report: operator mulTerm/exponent1 is absorbed into DSP mulTerm/exponent1.
DSP Report: Generating DSP mulTerm/exponent1, operation Mode is: A*B.
DSP Report: operator mulTerm/exponent1 is absorbed into DSP mulTerm/exponent1.
DSP Report: operator mulTerm/exponent1 is absorbed into DSP mulTerm/exponent1.
DSP Report: Generating DSP mulTerm/exponent1, operation Mode is: (PCIN>>17)+A*B.
DSP Report: operator mulTerm/exponent1 is absorbed into DSP mulTerm/exponent1.
DSP Report: operator mulTerm/exponent1 is absorbed into DSP mulTerm/exponent1.
DSP Report: Generating DSP mulPower/exponent1, operation Mode is: A*B.
DSP Report: operator mulPower/exponent1 is absorbed into DSP mulPower/exponent1.
DSP Report: operator mulPower/exponent1 is absorbed into DSP mulPower/exponent1.
DSP Report: Generating DSP mulPower/exponent1, operation Mode is: A*B.
DSP Report: operator mulPower/exponent1 is absorbed into DSP mulPower/exponent1.
DSP Report: operator mulPower/exponent1 is absorbed into DSP mulPower/exponent1.
DSP Report: Generating DSP mulPower/exponent1, operation Mode is: (PCIN>>17)+A*B.
DSP Report: operator mulPower/exponent1 is absorbed into DSP mulPower/exponent1.
DSP Report: operator mulPower/exponent1 is absorbed into DSP mulPower/exponent1.
DSP Report: Generating DSP mulTerm/exponent1, operation Mode is: A*B.
DSP Report: operator mulTerm/exponent1 is absorbed into DSP mulTerm/exponent1.
DSP Report: operator mulTerm/exponent1 is absorbed into DSP mulTerm/exponent1.
DSP Report: Generating DSP mulTerm/exponent1, operation Mode is: A*B.
DSP Report: operator mulTerm/exponent1 is absorbed into DSP mulTerm/exponent1.
DSP Report: operator mulTerm/exponent1 is absorbed into DSP mulTerm/exponent1.
DSP Report: Generating DSP mulTerm/exponent1, operation Mode is: (PCIN>>17)+A*B.
DSP Report: operator mulTerm/exponent1 is absorbed into DSP mulTerm/exponent1.
DSP Report: operator mulTerm/exponent1 is absorbed into DSP mulTerm/exponent1.
DSP Report: Generating DSP mulPower/exponent1, operation Mode is: A*B.
DSP Report: operator mulPower/exponent1 is absorbed into DSP mulPower/exponent1.
DSP Report: operator mulPower/exponent1 is absorbed into DSP mulPower/exponent1.
DSP Report: Generating DSP mulPower/exponent1, operation Mode is: A*B.
DSP Report: operator mulPower/exponent1 is absorbed into DSP mulPower/exponent1.
DSP Report: operator mulPower/exponent1 is absorbed into DSP mulPower/exponent1.
DSP Report: Generating DSP mulPower/exponent1, operation Mode is: (PCIN>>17)+A*B.
DSP Report: operator mulPower/exponent1 is absorbed into DSP mulPower/exponent1.
DSP Report: operator mulPower/exponent1 is absorbed into DSP mulPower/exponent1.
DSP Report: Generating DSP mulTerm/exponent1, operation Mode is: A*B.
DSP Report: operator mulTerm/exponent1 is absorbed into DSP mulTerm/exponent1.
DSP Report: operator mulTerm/exponent1 is absorbed into DSP mulTerm/exponent1.
DSP Report: Generating DSP mulTerm/exponent1, operation Mode is: A*B.
DSP Report: operator mulTerm/exponent1 is absorbed into DSP mulTerm/exponent1.
DSP Report: operator mulTerm/exponent1 is absorbed into DSP mulTerm/exponent1.
DSP Report: Generating DSP mulTerm/exponent1, operation Mode is: (PCIN>>17)+A*B.
DSP Report: operator mulTerm/exponent1 is absorbed into DSP mulTerm/exponent1.
DSP Report: operator mulTerm/exponent1 is absorbed into DSP mulTerm/exponent1.
DSP Report: Generating DSP mulPower/exponent1, operation Mode is: A*B.
DSP Report: operator mulPower/exponent1 is absorbed into DSP mulPower/exponent1.
DSP Report: operator mulPower/exponent1 is absorbed into DSP mulPower/exponent1.
DSP Report: Generating DSP mulPower/exponent1, operation Mode is: A*B.
DSP Report: operator mulPower/exponent1 is absorbed into DSP mulPower/exponent1.
DSP Report: operator mulPower/exponent1 is absorbed into DSP mulPower/exponent1.
DSP Report: Generating DSP mulPower/exponent1, operation Mode is: (PCIN>>17)+A*B.
DSP Report: operator mulPower/exponent1 is absorbed into DSP mulPower/exponent1.
DSP Report: operator mulPower/exponent1 is absorbed into DSP mulPower/exponent1.
DSP Report: Generating DSP mulTerm/exponent1, operation Mode is: A*B.
DSP Report: operator mulTerm/exponent1 is absorbed into DSP mulTerm/exponent1.
DSP Report: operator mulTerm/exponent1 is absorbed into DSP mulTerm/exponent1.
DSP Report: Generating DSP mulTerm/exponent1, operation Mode is: A*B.
DSP Report: operator mulTerm/exponent1 is absorbed into DSP mulTerm/exponent1.
DSP Report: operator mulTerm/exponent1 is absorbed into DSP mulTerm/exponent1.
DSP Report: Generating DSP mulTerm/exponent1, operation Mode is: (PCIN>>17)+A*B.
DSP Report: operator mulTerm/exponent1 is absorbed into DSP mulTerm/exponent1.
DSP Report: operator mulTerm/exponent1 is absorbed into DSP mulTerm/exponent1.
DSP Report: Generating DSP exponent1, operation Mode is: A*B.
DSP Report: operator exponent1 is absorbed into DSP exponent1.
DSP Report: operator exponent1 is absorbed into DSP exponent1.
DSP Report: Generating DSP exponent1, operation Mode is: A*B.
DSP Report: operator exponent1 is absorbed into DSP exponent1.
DSP Report: operator exponent1 is absorbed into DSP exponent1.
DSP Report: Generating DSP exponent1, operation Mode is: (PCIN>>17)+A*B.
DSP Report: operator exponent1 is absorbed into DSP exponent1.
DSP Report: operator exponent1 is absorbed into DSP exponent1.
DSP Report: Generating DSP exponent1, operation Mode is: A*B.
DSP Report: operator exponent1 is absorbed into DSP exponent1.
DSP Report: operator exponent1 is absorbed into DSP exponent1.
DSP Report: Generating DSP exponent1, operation Mode is: A*B.
DSP Report: operator exponent1 is absorbed into DSP exponent1.
DSP Report: operator exponent1 is absorbed into DSP exponent1.
DSP Report: Generating DSP exponent1, operation Mode is: (PCIN>>17)+A*B.
DSP Report: operator exponent1 is absorbed into DSP exponent1.
DSP Report: operator exponent1 is absorbed into DSP exponent1.
DSP Report: Generating DSP exponent1, operation Mode is: A*B.
DSP Report: operator exponent1 is absorbed into DSP exponent1.
DSP Report: operator exponent1 is absorbed into DSP exponent1.
DSP Report: Generating DSP exponent1, operation Mode is: A*B.
DSP Report: operator exponent1 is absorbed into DSP exponent1.
DSP Report: operator exponent1 is absorbed into DSP exponent1.
DSP Report: Generating DSP exponent1, operation Mode is: (PCIN>>17)+A*B.
DSP Report: operator exponent1 is absorbed into DSP exponent1.
DSP Report: operator exponent1 is absorbed into DSP exponent1.
DSP Report: Generating DSP exponent1, operation Mode is: A*B.
DSP Report: operator exponent1 is absorbed into DSP exponent1.
DSP Report: operator exponent1 is absorbed into DSP exponent1.
DSP Report: Generating DSP exponent1, operation Mode is: A*B.
DSP Report: operator exponent1 is absorbed into DSP exponent1.
DSP Report: operator exponent1 is absorbed into DSP exponent1.
DSP Report: Generating DSP exponent1, operation Mode is: (PCIN>>17)+A*B.
DSP Report: operator exponent1 is absorbed into DSP exponent1.
DSP Report: operator exponent1 is absorbed into DSP exponent1.
DSP Report: Generating DSP exponent1, operation Mode is: A*B.
DSP Report: operator exponent1 is absorbed into DSP exponent1.
DSP Report: operator exponent1 is absorbed into DSP exponent1.
DSP Report: Generating DSP exponent1, operation Mode is: A*B.
DSP Report: operator exponent1 is absorbed into DSP exponent1.
DSP Report: operator exponent1 is absorbed into DSP exponent1.
DSP Report: Generating DSP exponent1, operation Mode is: (PCIN>>17)+A*B.
DSP Report: operator exponent1 is absorbed into DSP exponent1.
DSP Report: operator exponent1 is absorbed into DSP exponent1.
DSP Report: Generating DSP exponent1, operation Mode is: A*B.
DSP Report: operator exponent1 is absorbed into DSP exponent1.
DSP Report: operator exponent1 is absorbed into DSP exponent1.
DSP Report: Generating DSP exponent1, operation Mode is: A*B.
DSP Report: operator exponent1 is absorbed into DSP exponent1.
DSP Report: operator exponent1 is absorbed into DSP exponent1.
DSP Report: Generating DSP exponent1, operation Mode is: (PCIN>>17)+A*B.
DSP Report: operator exponent1 is absorbed into DSP exponent1.
DSP Report: operator exponent1 is absorbed into DSP exponent1.
DSP Report: Generating DSP exponent1, operation Mode is: A*B.
DSP Report: operator exponent1 is absorbed into DSP exponent1.
DSP Report: operator exponent1 is absorbed into DSP exponent1.
DSP Report: Generating DSP exponent1, operation Mode is: A*B.
DSP Report: operator exponent1 is absorbed into DSP exponent1.
DSP Report: operator exponent1 is absorbed into DSP exponent1.
DSP Report: Generating DSP exponent1, operation Mode is: (PCIN>>17)+A*B.
DSP Report: operator exponent1 is absorbed into DSP exponent1.
DSP Report: operator exponent1 is absorbed into DSP exponent1.
DSP Report: Generating DSP exponent1, operation Mode is: A*B.
DSP Report: operator exponent1 is absorbed into DSP exponent1.
DSP Report: operator exponent1 is absorbed into DSP exponent1.
DSP Report: Generating DSP exponent1, operation Mode is: A*B.
DSP Report: operator exponent1 is absorbed into DSP exponent1.
DSP Report: operator exponent1 is absorbed into DSP exponent1.
DSP Report: Generating DSP exponent1, operation Mode is: (PCIN>>17)+A*B.
DSP Report: operator exponent1 is absorbed into DSP exponent1.
DSP Report: operator exponent1 is absorbed into DSP exponent1.
DSP Report: Generating DSP exponent1, operation Mode is: A*B.
DSP Report: operator exponent1 is absorbed into DSP exponent1.
DSP Report: operator exponent1 is absorbed into DSP exponent1.
DSP Report: Generating DSP exponent1, operation Mode is: A*B.
DSP Report: operator exponent1 is absorbed into DSP exponent1.
DSP Report: operator exponent1 is absorbed into DSP exponent1.
DSP Report: Generating DSP exponent1, operation Mode is: (PCIN>>17)+A*B.
DSP Report: operator exponent1 is absorbed into DSP exponent1.
DSP Report: operator exponent1 is absorbed into DSP exponent1.
DSP Report: Generating DSP exponent1, operation Mode is: A*B.
DSP Report: operator exponent1 is absorbed into DSP exponent1.
DSP Report: operator exponent1 is absorbed into DSP exponent1.
DSP Report: Generating DSP exponent1, operation Mode is: A*B.
DSP Report: operator exponent1 is absorbed into DSP exponent1.
DSP Report: operator exponent1 is absorbed into DSP exponent1.
DSP Report: Generating DSP exponent1, operation Mode is: (PCIN>>17)+A*B.
DSP Report: operator exponent1 is absorbed into DSP exponent1.
DSP Report: operator exponent1 is absorbed into DSP exponent1.
---------------------------------------------------------------------------------
Finished Cross Boundary Optimization : Time (s): cpu = 00:00:15 ; elapsed = 00:00:27 . Memory (MB): peak = 485.316 ; gain = 239.746
---------------------------------------------------------------------------------
Finished Parallel Reinference  : Time (s): cpu = 00:00:15 ; elapsed = 00:00:27 . Memory (MB): peak = 485.316 ; gain = 239.746

Report RTL Partitions: 
+------+-------------------+------------+----------+
|      |RTL Partition      |Replication |Instances |
+------+-------------------+------------+----------+
|1     |add                |          75|      8586|
|2     |Xncalculation__GC0 |           4|      1601|
|3     |reciporical__GC0   |           1|      1289|
|4     |exponential__GCM0  |          10|      9600|
|5     |Softmax_Layer__GC0 |           1|     14257|
+------+-------------------+------------+----------+
---------------------------------------------------------------------------------
Start ROM, RAM, DSP and Shift Register Reporting
---------------------------------------------------------------------------------

DSP:
+------------+-----------------------+--------------+--------+--------+--------+--------+--------+------+------+------+------+-------+------+------+
|Module Name | DSP Mapping           | Neg Edge Clk | A Size | B Size | C Size | D Size | P Size | AREG | BREG | CREG | DREG | ADREG | MREG | PREG | 
+------------+-----------------------+--------------+--------+--------+--------+--------+--------+------+------+------+------+-------+------+------+
|mul         | A*B                   | No           | 18     | 9      | 48     | 25     | 48     | 0    | 0    | 1    | 1    | 1     | 0    | 0    | 
|mul         | A*B                   | No           | 18     | 18     | 48     | 25     | 48     | 0    | 0    | 1    | 1    | 1     | 0    | 0    | 
|mul         | (PCIN>>17)+A*B        | No           | 18     | 9      | 31     | 25     | 31     | 0    | 0    | 1    | 1    | 1     | 0    | 0    | 
|mul         | A*B                   | No           | 18     | 9      | 48     | 25     | 48     | 0    | 0    | 1    | 1    | 1     | 0    | 0    | 
|mul         | A*B                   | No           | 18     | 18     | 48     | 25     | 48     | 0    | 0    | 1    | 1    | 1     | 0    | 0    | 
|mul         | (PCIN>>17)+A*B        | No           | 18     | 9      | 31     | 25     | 31     | 0    | 0    | 1    | 1    | 1     | 0    | 0    | 
|mul         | (A:0xf0f1)*B          | No           | 9      | 17     | 48     | 25     | 48     | 0    | 0    | 1    | 1    | 1     | 0    | 0    | 
|mul         | A*(B:0xf0f1)          | No           | 18     | 17     | 48     | 25     | 48     | 0    | 0    | 1    | 1    | 1     | 0    | 0    | 
|mul         | (PCIN>>17)+A*(B:0x78) | No           | 18     | 8      | 31     | 25     | 31     | 0    | 0    | 1    | 1    | 1     | 0    | 0    | 
|mul         | A*B                   | No           | 18     | 9      | 48     | 25     | 48     | 0    | 0    | 1    | 1    | 1     | 0    | 0    | 
|mul         | A*B                   | No           | 18     | 18     | 48     | 25     | 48     | 0    | 0    | 1    | 1    | 1     | 0    | 0    | 
|mul         | (PCIN>>17)+A*B        | No           | 18     | 9      | 31     | 25     | 31     | 0    | 0    | 1    | 1    | 1     | 0    | 0    | 
|mul         | A*B                   | No           | 18     | 9      | 48     | 25     | 48     | 0    | 0    | 1    | 1    | 1     | 0    | 0    | 
|mul         | A*B                   | No           | 18     | 18     | 48     | 25     | 48     | 0    | 0    | 1    | 1    | 1     | 0    | 0    | 
|mul         | (PCIN>>17)+A*B        | No           | 18     | 9      | 31     | 25     | 31     | 0    | 0    | 1    | 1    | 1     | 0    | 0    | 
|mul         | A*B                   | No           | 18     | 9      | 48     | 25     | 48     | 0    | 0    | 1    | 1    | 1     | 0    | 0    | 
|mul         | A*B                   | No           | 18     | 18     | 48     | 25     | 48     | 0    | 0    | 1    | 1    | 1     | 0    | 0    | 
|mul         | (PCIN>>17)+A*B        | No           | 18     | 9      | 31     | 25     | 31     | 0    | 0    | 1    | 1    | 1     | 0    | 0    | 
|mul         | A*B                   | No           | 18     | 9      | 48     | 25     | 48     | 0    | 0    | 1    | 1    | 1     | 0    | 0    | 
|mul         | A*B                   | No           | 18     | 18     | 48     | 25     | 48     | 0    | 0    | 1    | 1    | 1     | 0    | 0    | 
|mul         | (PCIN>>17)+A*B        | No           | 18     | 9      | 31     | 25     | 31     | 0    | 0    | 1    | 1    | 1     | 0    | 0    | 
|mul         | A*B                   | No           | 18     | 9      | 48     | 25     | 48     | 0    | 0    | 1    | 1    | 1     | 0    | 0    | 
|mul         | A*B                   | No           | 18     | 18     | 48     | 25     | 48     | 0    | 0    | 1    | 1    | 1     | 0    | 0    | 
|mul         | (PCIN>>17)+A*B        | No           | 18     | 9      | 31     | 25     | 31     | 0    | 0    | 1    | 1    | 1     | 0    | 0    | 
|mul         | A*B                   | No           | 18     | 9      | 48     | 25     | 48     | 0    | 0    | 1    | 1    | 1     | 0    | 0    | 
|mul         | A*B                   | No           | 18     | 18     | 48     | 25     | 48     | 0    | 0    | 1    | 1    | 1     | 0    | 0    | 
|mul         | (PCIN>>17)+A*B        | No           | 18     | 9      | 31     | 25     | 31     | 0    | 0    | 1    | 1    | 1     | 0    | 0    | 
|mul         | A*B                   | No           | 18     | 9      | 48     | 25     | 48     | 0    | 0    | 1    | 1    | 1     | 0    | 0    | 
|mul         | A*B                   | No           | 18     | 18     | 48     | 25     | 48     | 0    | 0    | 1    | 1    | 1     | 0    | 0    | 
|mul         | (PCIN>>17)+A*B        | No           | 18     | 9      | 31     | 25     | 31     | 0    | 0    | 1    | 1    | 1     | 0    | 0    | 
|mul         | A*B                   | No           | 18     | 9      | 48     | 25     | 48     | 0    | 0    | 1    | 1    | 1     | 0    | 0    | 
|mul         | A*B                   | No           | 18     | 18     | 48     | 25     | 48     | 0    | 0    | 1    | 1    | 1     | 0    | 0    | 
|mul         | (PCIN>>17)+A*B        | No           | 18     | 9      | 31     | 25     | 31     | 0    | 0    | 1    | 1    | 1     | 0    | 0    | 
|mul         | A*B                   | No           | 18     | 9      | 48     | 25     | 48     | 0    | 0    | 1    | 1    | 1     | 0    | 0    | 
|mul         | A*B                   | No           | 18     | 18     | 48     | 25     | 48     | 0    | 0    | 1    | 1    | 1     | 0    | 0    | 
|mul         | (PCIN>>17)+A*B        | No           | 18     | 9      | 31     | 25     | 31     | 0    | 0    | 1    | 1    | 1     | 0    | 0    | 
|mul         | A*B                   | No           | 18     | 9      | 48     | 25     | 48     | 0    | 0    | 1    | 1    | 1     | 0    | 0    | 
|mul         | A*B                   | No           | 18     | 18     | 48     | 25     | 48     | 0    | 0    | 1    | 1    | 1     | 0    | 0    | 
|mul         | (PCIN>>17)+A*B        | No           | 18     | 9      | 31     | 25     | 31     | 0    | 0    | 1    | 1    | 1     | 0    | 0    | 
|mul         | A*B                   | No           | 18     | 9      | 48     | 25     | 48     | 0    | 0    | 1    | 1    | 1     | 0    | 0    | 
|mul         | A*B                   | No           | 18     | 18     | 48     | 25     | 48     | 0    | 0    | 1    | 1    | 1     | 0    | 0    | 
|mul         | (PCIN>>17)+A*B        | No           | 18     | 9      | 31     | 25     | 31     | 0    | 0    | 1    | 1    | 1     | 0    | 0    | 
|mul         | A*B                   | No           | 18     | 9      | 48     | 25     | 48     | 0    | 0    | 1    | 1    | 1     | 0    | 0    | 
|mul         | A*B                   | No           | 18     | 18     | 48     | 25     | 48     | 0    | 0    | 1    | 1    | 1     | 0    | 0    | 
|mul         | (PCIN>>17)+A*B        | No           | 18     | 9      | 31     | 25     | 31     | 0    | 0    | 1    | 1    | 1     | 0    | 0    | 
|mul         | A*B                   | No           | 18     | 9      | 48     | 25     | 48     | 0    | 0    | 1    | 1    | 1     | 0    | 0    | 
|mul         | A*B                   | No           | 18     | 18     | 48     | 25     | 48     | 0    | 0    | 1    | 1    | 1     | 0    | 0    | 
|mul         | (PCIN>>17)+A*B        | No           | 18     | 9      | 31     | 25     | 31     | 0    | 0    | 1    | 1    | 1     | 0    | 0    | 
|mul         | A*B                   | No           | 18     | 9      | 48     | 25     | 48     | 0    | 0    | 1    | 1    | 1     | 0    | 0    | 
|mul         | A*B                   | No           | 18     | 18     | 48     | 25     | 48     | 0    | 0    | 1    | 1    | 1     | 0    | 0    | 
|mul         | (PCIN>>17)+A*B        | No           | 18     | 9      | 31     | 25     | 31     | 0    | 0    | 1    | 1    | 1     | 0    | 0    | 
|mul         | A*B                   | No           | 18     | 9      | 48     | 25     | 48     | 0    | 0    | 1    | 1    | 1     | 0    | 0    | 
|mul         | A*B                   | No           | 18     | 18     | 48     | 25     | 48     | 0    | 0    | 1    | 1    | 1     | 0    | 0    | 
|mul         | (PCIN>>17)+A*B        | No           | 18     | 9      | 31     | 25     | 31     | 0    | 0    | 1    | 1    | 1     | 0    | 0    | 
|mul         | A*B                   | No           | 18     | 9      | 48     | 25     | 48     | 0    | 0    | 1    | 1    | 1     | 0    | 0    | 
|mul         | A*B                   | No           | 18     | 18     | 48     | 25     | 48     | 0    | 0    | 1    | 1    | 1     | 0    | 0    | 
|mul         | (PCIN>>17)+A*B        | No           | 18     | 9      | 31     | 25     | 31     | 0    | 0    | 1    | 1    | 1     | 0    | 0    | 
|mul         | A*B                   | No           | 18     | 9      | 48     | 25     | 48     | 0    | 0    | 1    | 1    | 1     | 0    | 0    | 
|mul         | A*B                   | No           | 18     | 18     | 48     | 25     | 48     | 0    | 0    | 1    | 1    | 1     | 0    | 0    | 
|mul         | (PCIN>>17)+A*B        | No           | 18     | 9      | 31     | 25     | 31     | 0    | 0    | 1    | 1    | 1     | 0    | 0    | 
|mul         | A*B                   | No           | 18     | 9      | 48     | 25     | 48     | 0    | 0    | 1    | 1    | 1     | 0    | 0    | 
|mul         | A*B                   | No           | 18     | 18     | 48     | 25     | 48     | 0    | 0    | 1    | 1    | 1     | 0    | 0    | 
|mul         | (PCIN>>17)+A*B        | No           | 18     | 9      | 31     | 25     | 31     | 0    | 0    | 1    | 1    | 1     | 0    | 0    | 
|mul         | A*B                   | No           | 18     | 9      | 48     | 25     | 48     | 0    | 0    | 1    | 1    | 1     | 0    | 0    | 
|mul         | A*B                   | No           | 18     | 18     | 48     | 25     | 48     | 0    | 0    | 1    | 1    | 1     | 0    | 0    | 
|mul         | (PCIN>>17)+A*B        | No           | 18     | 9      | 31     | 25     | 31     | 0    | 0    | 1    | 1    | 1     | 0    | 0    | 
|mul         | A*B                   | No           | 18     | 9      | 48     | 25     | 48     | 0    | 0    | 1    | 1    | 1     | 0    | 0    | 
|mul         | A*B                   | No           | 18     | 18     | 48     | 25     | 48     | 0    | 0    | 1    | 1    | 1     | 0    | 0    | 
|mul         | (PCIN>>17)+A*B        | No           | 18     | 9      | 31     | 25     | 31     | 0    | 0    | 1    | 1    | 1     | 0    | 0    | 
|mul         | A*B                   | No           | 18     | 9      | 48     | 25     | 48     | 0    | 0    | 1    | 1    | 1     | 0    | 0    | 
|mul         | A*B                   | No           | 18     | 18     | 48     | 25     | 48     | 0    | 0    | 1    | 1    | 1     | 0    | 0    | 
|mul         | (PCIN>>17)+A*B        | No           | 18     | 9      | 31     | 25     | 31     | 0    | 0    | 1    | 1    | 1     | 0    | 0    | 
|mul         | A*B                   | No           | 18     | 9      | 48     | 25     | 48     | 0    | 0    | 1    | 1    | 1     | 0    | 0    | 
|mul         | A*B                   | No           | 18     | 18     | 48     | 25     | 48     | 0    | 0    | 1    | 1    | 1     | 0    | 0    | 
|mul         | (PCIN>>17)+A*B        | No           | 18     | 9      | 31     | 25     | 31     | 0    | 0    | 1    | 1    | 1     | 0    | 0    | 
|mul         | A*B                   | No           | 18     | 9      | 48     | 25     | 48     | 0    | 0    | 1    | 1    | 1     | 0    | 0    | 
|mul         | A*B                   | No           | 18     | 18     | 48     | 25     | 48     | 0    | 0    | 1    | 1    | 1     | 0    | 0    | 
|mul         | (PCIN>>17)+A*B        | No           | 18     | 9      | 31     | 25     | 31     | 0    | 0    | 1    | 1    | 1     | 0    | 0    | 
+------------+-----------------------+--------------+--------+--------+--------+--------+--------+------+------+------+------+-------+------+------+

Note: The table shows the DSPs inferred at the current stage of the synthesis flow. Some DSP may be reimplemented as non DSP primitives later in the synthesis flow. Multiple instantiated DSPs are reported only once.
---------------------------------------------------------------------------------
Finished ROM, RAM, DSP and Shift Register Reporting
---------------------------------------------------------------------------------
No constraint files found.
---------------------------------------------------------------------------------
Start Area Optimization
---------------------------------------------------------------------------------
---------------------------------------------------------------------------------
Finished Area Optimization : Time (s): cpu = 00:01:20 ; elapsed = 00:01:35 . Memory (MB): peak = 739.770 ; gain = 494.199
---------------------------------------------------------------------------------
Finished Parallel Area Optimization  : Time (s): cpu = 00:01:20 ; elapsed = 00:01:35 . Memory (MB): peak = 739.770 ; gain = 494.199

Report RTL Partitions: 
+------+-------------------+------------+----------+
|      |RTL Partition      |Replication |Instances |
+------+-------------------+------------+----------+
|1     |add                |           1|      1029|
|2     |Xncalculation__GC0 |           4|       828|
|3     |reciporical__GC0   |           1|       436|
|4     |exponential__GCM0  |          10|      4648|
|5     |Softmax_Layer__GC0 |           1|      6724|
|6     |add__1             |          58|      3005|
|7     |add__2             |           1|      3002|
|8     |add__3             |           1|      1828|
|9     |add__4             |           4|      2309|
|10    |add__5             |          10|      2267|
+------+-------------------+------------+----------+
Finished Parallel Synthesis Optimization  : Time (s): cpu = 00:01:20 ; elapsed = 00:01:35 . Memory (MB): peak = 739.770 ; gain = 494.199
---------------------------------------------------------------------------------
Start Timing Optimization
---------------------------------------------------------------------------------
No constraint files found.
---------------------------------------------------------------------------------
Finished Timing Optimization : Time (s): cpu = 00:01:20 ; elapsed = 00:01:35 . Memory (MB): peak = 739.770 ; gain = 494.199
---------------------------------------------------------------------------------

Report RTL Partitions: 
+------+-------------------+------------+----------+
|      |RTL Partition      |Replication |Instances |
+------+-------------------+------------+----------+
|1     |add                |           1|      1029|
|2     |Xncalculation__GC0 |           4|       828|
|3     |reciporical__GC0   |           1|       436|
|4     |exponential__GCM0  |          10|      4648|
|5     |Softmax_Layer__GC0 |           1|      6724|
|6     |add__1             |          58|      3005|
|7     |add__2             |           1|      3002|
|8     |add__3             |           1|      1828|
|9     |add__4             |           4|      2309|
|10    |add__5             |          10|      2267|
+------+-------------------+------------+----------+
---------------------------------------------------------------------------------
Start Technology Mapping
---------------------------------------------------------------------------------
---------------------------------------------------------------------------------
Finished Technology Mapping : Time (s): cpu = 00:01:32 ; elapsed = 00:01:48 . Memory (MB): peak = 751.996 ; gain = 506.426
---------------------------------------------------------------------------------

Report RTL Partitions: 
+-+--------------+------------+----------+
| |RTL Partition |Replication |Instances |
+-+--------------+------------+----------+
+-+--------------+------------+----------+
---------------------------------------------------------------------------------
Start IO Insertion
---------------------------------------------------------------------------------
---------------------------------------------------------------------------------
Start Final Netlist Cleanup
---------------------------------------------------------------------------------
---------------------------------------------------------------------------------
Finished Final Netlist Cleanup
---------------------------------------------------------------------------------
---------------------------------------------------------------------------------
Finished IO Insertion : Time (s): cpu = 00:01:42 ; elapsed = 00:01:58 . Memory (MB): peak = 784.484 ; gain = 538.914
---------------------------------------------------------------------------------

Report Check Netlist: 
+------+------------------+-------+---------+-------+------------------+
|      |Item              |Errors |Warnings |Status |Description       |
+------+------------------+-------+---------+-------+------------------+
|1     |multi_driven_nets |      0|        0|Passed |Multi driven nets |
+------+------------------+-------+---------+-------+------------------+
---------------------------------------------------------------------------------
Start Renaming Generated Instances
---------------------------------------------------------------------------------
---------------------------------------------------------------------------------
Finished Renaming Generated Instances : Time (s): cpu = 00:01:43 ; elapsed = 00:01:59 . Memory (MB): peak = 784.484 ; gain = 538.914
---------------------------------------------------------------------------------

Report RTL Partitions: 
+-+--------------+------------+----------+
| |RTL Partition |Replication |Instances |
+-+--------------+------------+----------+
+-+--------------+------------+----------+
---------------------------------------------------------------------------------
Start Rebuilding User Hierarchy
---------------------------------------------------------------------------------
---------------------------------------------------------------------------------
Finished Rebuilding User Hierarchy : Time (s): cpu = 00:01:56 ; elapsed = 00:02:13 . Memory (MB): peak = 784.484 ; gain = 538.914
---------------------------------------------------------------------------------
---------------------------------------------------------------------------------
Start Renaming Generated Ports : Time (s): cpu = 00:01:56 ; elapsed = 00:02:13 . Memory (MB): peak = 784.484 ; gain = 538.914
---------------------------------------------------------------------------------
---------------------------------------------------------------------------------
Finished Renaming Generated Ports : Time (s): cpu = 00:06:25 ; elapsed = 00:06:42 . Memory (MB): peak = 784.484 ; gain = 538.914
---------------------------------------------------------------------------------
---------------------------------------------------------------------------------
Start Writing Synthesis Report
---------------------------------------------------------------------------------

Report BlackBoxes: 
+-+--------------+----------+
| |BlackBox name |Instances |
+-+--------------+----------+
+-+--------------+----------+

Report Cell Usage: 
+------+--------+------+
|      |Cell    |Count |
+------+--------+------+
|1     |BUFG    |     9|
|2     |CARRY4  |  6974|
|3     |DSP48E1 |   420|
|4     |LUT1    |  1156|
|5     |LUT2    | 17502|
|6     |LUT3    | 15578|
|7     |LUT4    | 13873|
|8     |LUT5    | 26723|
|9     |LUT6    | 30871|
|10    |MUXF7   |    20|
|11    |LD      |   288|
|12    |IBUF    |   320|
|13    |OBUF    |   352|
+------+--------+------+

Report Instance Areas: 
+------+---------------------------+-----------------+-------+
|      |Instance                   |Module           |Cells  |
+------+---------------------------+-----------------+-------+
|1     |top                        |                 | 114086|
|2     |  \genblk1[0].E            |exponential      |   6041|
|3     |    \genblk1[0].firstTerm  |term_200         |    122|
|4     |      mulPower             |mul_216          |     61|
|5     |      mulTerm              |mul_217          |     61|
|6     |    \genblk1[1].firstTerm  |term_201         |   1931|
|7     |      mulPower             |mul_214          |   1095|
|8     |      mulTerm              |mul_215          |    836|
|9     |    \genblk1[2].firstTerm  |term_202         |    846|
|10    |      mulPower             |mul_212          |    487|
|11    |      mulTerm              |mul_213          |    359|
|12    |    \genblk1[3].firstTerm  |term_203         |    827|
|13    |      mulPower             |mul_210          |    295|
|14    |      mulTerm              |mul_211          |    532|
|15    |    \genblk1[4].firstTerm  |term_204         |    740|
|16    |      mulPower             |mul_208          |    208|
|17    |      mulTerm              |mul_209          |    532|
|18    |    \genblk1[5].firstTerm  |term_205         |   1575|
|19    |      mulPower             |mul_206          |    740|
|20    |      mulTerm              |mul_207          |    835|
|21    |  \genblk1[1].E            |exponential_0    |   5527|
|22    |    \genblk1[0].firstTerm  |term_182         |    122|
|23    |      mulPower             |mul_198          |     61|
|24    |      mulTerm              |mul_199          |     61|
|25    |    \genblk1[1].firstTerm  |term_183         |   1931|
|26    |      mulPower             |mul_196          |   1095|
|27    |      mulTerm              |mul_197          |    836|
|28    |    \genblk1[2].firstTerm  |term_184         |    846|
|29    |      mulPower             |mul_194          |    487|
|30    |      mulTerm              |mul_195          |    359|
|31    |    \genblk1[3].firstTerm  |term_185         |    827|
|32    |      mulPower             |mul_192          |    295|
|33    |      mulTerm              |mul_193          |    532|
|34    |    \genblk1[4].firstTerm  |term_186         |    740|
|35    |      mulPower             |mul_190          |    208|
|36    |      mulTerm              |mul_191          |    532|
|37    |    \genblk1[5].firstTerm  |term_187         |   1061|
|38    |      mulPower             |mul_188          |    428|
|39    |      mulTerm              |mul_189          |    633|
|40    |  \genblk1[2].E            |exponential_1    |   5816|
|41    |    \genblk1[0].firstTerm  |term_164         |    122|
|42    |      mulPower             |mul_180          |     61|
|43    |      mulTerm              |mul_181          |     61|
|44    |    \genblk1[1].firstTerm  |term_165         |   1931|
|45    |      mulPower             |mul_178          |   1095|
|46    |      mulTerm              |mul_179          |    836|
|47    |    \genblk1[2].firstTerm  |term_166         |    846|
|48    |      mulPower             |mul_176          |    487|
|49    |      mulTerm              |mul_177          |    359|
|50    |    \genblk1[3].firstTerm  |term_167         |    827|
|51    |      mulPower             |mul_174          |    295|
|52    |      mulTerm              |mul_175          |    532|
|53    |    \genblk1[4].firstTerm  |term_168         |    740|
|54    |      mulPower             |mul_172          |    208|
|55    |      mulTerm              |mul_173          |    532|
|56    |    \genblk1[5].firstTerm  |term_169         |   1350|
|57    |      mulPower             |mul_170          |    635|
|58    |      mulTerm              |mul_171          |    715|
|59    |  \genblk1[3].E            |exponential_2    |   6146|
|60    |    \genblk1[0].firstTerm  |term_146         |    122|
|61    |      mulPower             |mul_162          |     61|
|62    |      mulTerm              |mul_163          |     61|
|63    |    \genblk1[1].firstTerm  |term_147         |   1931|
|64    |      mulPower             |mul_160          |   1095|
|65    |      mulTerm              |mul_161          |    836|
|66    |    \genblk1[2].firstTerm  |term_148         |    846|
|67    |      mulPower             |mul_158          |    487|
|68    |      mulTerm              |mul_159          |    359|
|69    |    \genblk1[3].firstTerm  |term_149         |    827|
|70    |      mulPower             |mul_156          |    295|
|71    |      mulTerm              |mul_157          |    532|
|72    |    \genblk1[4].firstTerm  |term_150         |    740|
|73    |      mulPower             |mul_154          |    208|
|74    |      mulTerm              |mul_155          |    532|
|75    |    \genblk1[5].firstTerm  |term_151         |   1680|
|76    |      mulPower             |mul_152          |    915|
|77    |      mulTerm              |mul_153          |    765|
|78    |  \genblk1[4].E            |exponential_3    |   5816|
|79    |    \genblk1[0].firstTerm  |term_128         |    122|
|80    |      mulPower             |mul_144          |     61|
|81    |      mulTerm              |mul_145          |     61|
|82    |    \genblk1[1].firstTerm  |term_129         |   1931|
|83    |      mulPower             |mul_142          |   1095|
|84    |      mulTerm              |mul_143          |    836|
|85    |    \genblk1[2].firstTerm  |term_130         |    846|
|86    |      mulPower             |mul_140          |    487|
|87    |      mulTerm              |mul_141          |    359|
|88    |    \genblk1[3].firstTerm  |term_131         |    827|
|89    |      mulPower             |mul_138          |    295|
|90    |      mulTerm              |mul_139          |    532|
|91    |    \genblk1[4].firstTerm  |term_132         |    740|
|92    |      mulPower             |mul_136          |    208|
|93    |      mulTerm              |mul_137          |    532|
|94    |    \genblk1[5].firstTerm  |term_133         |   1350|
|95    |      mulPower             |mul_134          |    635|
|96    |      mulTerm              |mul_135          |    715|
|97    |  \genblk1[5].E            |exponential_4    |   6146|
|98    |    \genblk1[0].firstTerm  |term_110         |    122|
|99    |      mulPower             |mul_126          |     61|
|100   |      mulTerm              |mul_127          |     61|
|101   |    \genblk1[1].firstTerm  |term_111         |   1931|
|102   |      mulPower             |mul_124          |   1095|
|103   |      mulTerm              |mul_125          |    836|
|104   |    \genblk1[2].firstTerm  |term_112         |    846|
|105   |      mulPower             |mul_122          |    487|
|106   |      mulTerm              |mul_123          |    359|
|107   |    \genblk1[3].firstTerm  |term_113         |    827|
|108   |      mulPower             |mul_120          |    295|
|109   |      mulTerm              |mul_121          |    532|
|110   |    \genblk1[4].firstTerm  |term_114         |    740|
|111   |      mulPower             |mul_118          |    208|
|112   |      mulTerm              |mul_119          |    532|
|113   |    \genblk1[5].firstTerm  |term_115         |   1680|
|114   |      mulPower             |mul_116          |    915|
|115   |      mulTerm              |mul_117          |    765|
|116   |  \genblk1[6].E            |exponential_5    |   5816|
|117   |    \genblk1[0].firstTerm  |term_92          |    122|
|118   |      mulPower             |mul_108          |     61|
|119   |      mulTerm              |mul_109          |     61|
|120   |    \genblk1[1].firstTerm  |term_93          |   1931|
|121   |      mulPower             |mul_106          |   1095|
|122   |      mulTerm              |mul_107          |    836|
|123   |    \genblk1[2].firstTerm  |term_94          |    846|
|124   |      mulPower             |mul_104          |    487|
|125   |      mulTerm              |mul_105          |    359|
|126   |    \genblk1[3].firstTerm  |term_95          |    827|
|127   |      mulPower             |mul_102          |    295|
|128   |      mulTerm              |mul_103          |    532|
|129   |    \genblk1[4].firstTerm  |term_96          |    740|
|130   |      mulPower             |mul_100          |    208|
|131   |      mulTerm              |mul_101          |    532|
|132   |    \genblk1[5].firstTerm  |term_97          |   1350|
|133   |      mulPower             |mul_98           |    635|
|134   |      mulTerm              |mul_99           |    715|
|135   |  \genblk1[7].E            |exponential_6    |   6139|
|136   |    \genblk1[0].firstTerm  |term_74          |    122|
|137   |      mulPower             |mul_90           |     61|
|138   |      mulTerm              |mul_91           |     61|
|139   |    \genblk1[1].firstTerm  |term_75          |   1931|
|140   |      mulPower             |mul_88           |   1095|
|141   |      mulTerm              |mul_89           |    836|
|142   |    \genblk1[2].firstTerm  |term_76          |    846|
|143   |      mulPower             |mul_86           |    487|
|144   |      mulTerm              |mul_87           |    359|
|145   |    \genblk1[3].firstTerm  |term_77          |    827|
|146   |      mulPower             |mul_84           |    295|
|147   |      mulTerm              |mul_85           |    532|
|148   |    \genblk1[4].firstTerm  |term_78          |    740|
|149   |      mulPower             |mul_82           |    208|
|150   |      mulTerm              |mul_83           |    532|
|151   |    \genblk1[5].firstTerm  |term_79          |   1673|
|152   |      mulPower             |mul_80           |    908|
|153   |      mulTerm              |mul_81           |    765|
|154   |  \genblk1[8].E            |exponential_7    |   5818|
|155   |    \genblk1[0].firstTerm  |term_56          |    122|
|156   |      mulPower             |mul_72           |     61|
|157   |      mulTerm              |mul_73           |     61|
|158   |    \genblk1[1].firstTerm  |term_57          |   1931|
|159   |      mulPower             |mul_70           |   1095|
|160   |      mulTerm              |mul_71           |    836|
|161   |    \genblk1[2].firstTerm  |term_58          |    846|
|162   |      mulPower             |mul_68           |    487|
|163   |      mulTerm              |mul_69           |    359|
|164   |    \genblk1[3].firstTerm  |term_59          |    827|
|165   |      mulPower             |mul_66           |    295|
|166   |      mulTerm              |mul_67           |    532|
|167   |    \genblk1[4].firstTerm  |term_60          |    740|
|168   |      mulPower             |mul_64           |    208|
|169   |      mulTerm              |mul_65           |    532|
|170   |    \genblk1[5].firstTerm  |term_61          |   1352|
|171   |      mulPower             |mul_62           |    635|
|172   |      mulTerm              |mul_63           |    717|
|173   |  \genblk1[9].E            |exponential_8    |   6044|
|174   |    \genblk1[0].firstTerm  |term             |    122|
|175   |      mulPower             |mul_54           |     61|
|176   |      mulTerm              |mul_55           |     61|
|177   |    \genblk1[1].firstTerm  |term_39          |   1931|
|178   |      mulPower             |mul_52           |   1095|
|179   |      mulTerm              |mul_53           |    836|
|180   |    \genblk1[2].firstTerm  |term_40          |    846|
|181   |      mulPower             |mul_50           |    487|
|182   |      mulTerm              |mul_51           |    359|
|183   |    \genblk1[3].firstTerm  |term_41          |    827|
|184   |      mulPower             |mul_48           |    295|
|185   |      mulTerm              |mul_49           |    532|
|186   |    \genblk1[4].firstTerm  |term_42          |    740|
|187   |      mulPower             |mul_46           |    208|
|188   |      mulTerm              |mul_47           |    532|
|189   |    \genblk1[5].firstTerm  |term_43          |   1578|
|190   |      mulPower             |mul_44           |    797|
|191   |      mulTerm              |mul_45           |    781|
|192   |  \genblk3[0].div          |mul              |    127|
|193   |  \genblk3[1].div          |mul_9            |    128|
|194   |  \genblk3[2].div          |mul_10           |    209|
|195   |  \genblk3[3].div          |mul_11           |    209|
|196   |  \genblk3[4].div          |mul_12           |    209|
|197   |  \genblk3[5].div          |mul_13           |    209|
|198   |  \genblk3[6].div          |mul_14           |    209|
|199   |  \genblk3[7].div          |mul_15           |    209|
|200   |  \genblk3[8].div          |mul_16           |    209|
|201   |  \genblk3[9].div          |mul_17           |    211|
|202   |  \genblk4[1].max1V        |maxValue         |     74|
|203   |  \genblk4[2].max1V        |maxValue_18      |     41|
|204   |  \genblk4[3].max1V        |maxValue_19      |     41|
|205   |  \genblk4[4].max1V        |maxValue_20      |     41|
|206   |  \genblk4[5].max1V        |maxValue_21      |     41|
|207   |  \genblk4[6].max1V        |maxValue_22      |     41|
|208   |  \genblk4[7].max1V        |maxValue_23      |     41|
|209   |  \genblk4[8].max1V        |maxValue_24      |     41|
|210   |  \genblk4[9].max1V        |maxValue_25      |     32|
|211   |  r1                       |reciporical      |  42922|
|212   |    firstterm              |Xncalculation    |    764|
|213   |      mul1                 |mul_37           |    365|
|214   |      mul2                 |mul_38           |    399|
|215   |    forthterm              |Xncalculation_26 |    677|
|216   |      mul1                 |mul_35           |    425|
|217   |      mul2                 |mul_36           |    252|
|218   |    mulD                   |mul_27           |  38335|
|219   |    mulNumeratorDivisor    |mul_28           |    540|
|220   |    secondterm             |Xncalculation_29 |    953|
|221   |      mul1                 |mul_33           |    615|
|222   |      mul2                 |mul_34           |    338|
|223   |    thirdterm              |Xncalculation_30 |   1653|
|224   |      mul1                 |mul_31           |   1346|
|225   |      mul2                 |mul_32           |    307|
+------+---------------------------+-----------------+-------+
---------------------------------------------------------------------------------
Finished Writing Synthesis Report : Time (s): cpu = 00:06:29 ; elapsed = 00:06:46 . Memory (MB): peak = 784.484 ; gain = 538.914
---------------------------------------------------------------------------------
Synthesis finished with 0 errors, 0 critical warnings and 3 warnings.
Synthesis Optimization Runtime : Time (s): cpu = 00:06:27 ; elapsed = 00:06:38 . Memory (MB): peak = 784.484 ; gain = 529.574
Synthesis Optimization Complete : Time (s): cpu = 00:06:29 ; elapsed = 00:06:46 . Memory (MB): peak = 784.484 ; gain = 538.914
INFO: [Project 1-571] Translating synthesized netlist
INFO: [Netlist 29-17] Analyzing 8002 Unisim elements for replacement
INFO: [Netlist 29-28] Unisim Transformation completed in 1 CPU seconds
INFO: [Project 1-570] Preparing netlist for logic optimization
INFO: [Opt 31-138] Pushed 0 inverter(s) to 0 load pin(s).
INFO: [Project 1-111] Unisim Transformation Summary:
  A total of 288 instances were transformed.
  LD => LDCE: 288 instances

INFO: [Common 17-83] Releasing license: Synthesis
28 Infos, 3 Warnings, 0 Critical Warnings and 0 Errors encountered.
synth_design completed successfully
synth_design: Time (s): cpu = 00:07:08 ; elapsed = 00:07:28 . Memory (MB): peak = 1003.402 ; gain = 748.492
write_checkpoint: Time (s): cpu = 00:00:30 ; elapsed = 00:00:22 . Memory (MB): peak = 1003.402 ; gain = 0.000
report_utilization: Time (s): cpu = 00:00:02 ; elapsed = 00:00:02 . Memory (MB): peak = 1003.402 ; gain = 0.000
INFO: [Common 17-206] Exiting Vivado at Wed Jul 29 16:12:27 2020...
