Vivado Simulator 2015.2
Copyright 1986-1999, 2001-2015 Xilinx, Inc. All Rights Reserved.
Running: C:/Xilinx/Vivado/2015.2/bin/unwrapped/win64.o/xelab.exe -wto 1699c384f2b341ae86b4b27e4335c238 --debug typical --relax --mt 2 -L xil_defaultlib -L unisims_ver -L unimacro_ver -L secureip --snapshot Softmax_Layer_tb_behav xil_defaultlib.Softmax_Layer_tb xil_defaultlib.glbl -log elaborate.log 
Using 2 slave threads.
Starting static elaboration
WARNING: [VRFC 10-2323] parameter with unpacked dimension is only allowed in SystemVerilog [D:/CNN2/softmax/softmax.srcs/sources_1/new/exponential.v:10]
WARNING: [VRFC 10-526] concatenation with unsized literal; will interpret as 32 bits [D:/CNN2/softmax/softmax.srcs/sources_1/new/mul.v:31]
Completed static elaboration
Starting simulation data flow analysis
Completed simulation data flow analysis
Time Resolution for simulation is 1ps
Compiling module xil_defaultlib.mul
Compiling module xil_defaultlib.term
Compiling module xil_defaultlib.add
Compiling module xil_defaultlib.exponential_default
Compiling module xil_defaultlib.Accumulator1(size_Of_Array=10,DA...
Compiling module xil_defaultlib.Xncalculation
Compiling module xil_defaultlib.reciporical
Compiling module xil_defaultlib.division
Compiling module xil_defaultlib.maxValue
Compiling module xil_defaultlib.Softmax_Layer_default
Compiling module xil_defaultlib.Softmax_Layer_tb
Compiling module xil_defaultlib.glbl
Waiting for 2 sub-compilation(s) to finish...
Built simulation snapshot Softmax_Layer_tb_behav
